[2017-11-23T09:32:36.643] [DEBUG] default - æ‰«æäºŒç»´ç ç™»å½•
[2017-11-23T09:32:41.226] [DEBUG] default - æ‰«ç æˆåŠŸï¼Œè¯·ç‚¹å‡»ç¡®è®¤ç™»é™†
[2017-11-23T09:32:42.339] [DEBUG] default - æ‰«ç æˆåŠŸï¼Œè¯·ç‚¹å‡»ç¡®è®¤ç™»é™†
[2017-11-23T09:32:43.442] [DEBUG] default - ç™»å½•æˆåŠŸ
[2017-11-23T09:32:43.755] [DEBUG] default - æ­£åœ¨è·å–ä¸ªäººä¿¡æ¯
[2017-11-23T09:32:44.311] [DEBUG] default - ç”¨æˆ·Mad Summerã€‚åˆå§‹åŒ–æˆåŠŸ
[2017-11-23T09:32:46.355] [DEBUG] default - å…±317ä½è”ç³»äºº,ç”·æ€§135äººï¼Œå¥³æ€§92äºº
[2017-11-23T09:32:46.489] [DEBUG] default - ç­‰å¾…æ¥å—æ–°æ¶ˆæ¯...
[2017-11-23T09:32:46.491] [INFO] default - è¯·è¾“å…¥è¦æ‰§è¡Œçš„æ“ä½œ,å¦‚éœ€å¸®åŠ©è¯·è¾“å…¥?
[2017-11-23T09:32:50.100] [DEBUG] default - ç­‰å¾…æ¥å—æ–°æ¶ˆæ¯...
[2017-11-23T09:34:00.662] [DEBUG] default - æ‰«æäºŒç»´ç ç™»å½•
[2017-11-23T09:34:05.913] [DEBUG] default - æ‰«ç æˆåŠŸï¼Œè¯·ç‚¹å‡»ç¡®è®¤ç™»é™†
[2017-11-23T09:34:07.030] [DEBUG] default - æ‰«ç æˆåŠŸï¼Œè¯·ç‚¹å‡»ç¡®è®¤ç™»é™†
[2017-11-23T09:34:08.128] [DEBUG] default - ç™»å½•æˆåŠŸ
[2017-11-23T09:34:08.384] [DEBUG] default - æ­£åœ¨è·å–ä¸ªäººä¿¡æ¯
[2017-11-23T09:34:08.918] [DEBUG] default - ç”¨æˆ·Mad Summerã€‚åˆå§‹åŒ–æˆåŠŸ
[2017-11-23T09:34:10.928] [DEBUG] default - å…±317ä½è”ç³»äºº,ç”·æ€§135äººï¼Œå¥³æ€§92äºº
[2017-11-23T09:34:11.058] [DEBUG] default - ç­‰å¾…æ¥å—æ–°æ¶ˆæ¯...
[2017-11-23T09:34:11.061] [INFO] default - è¯·è¾“å…¥è¦æ‰§è¡Œçš„æ“ä½œ,å¦‚éœ€å¸®åŠ©è¯·è¾“å…¥?
[2017-11-23T09:34:11.339] [DEBUG] default - ç­‰å¾…æ¥å—æ–°æ¶ˆæ¯...
[2017-11-23T09:34:11.890] [DEBUG] default - ()æ¯›æ¯›æ¯›æ¯›æ¯›ï¼šhttp://music.163.com/#/m/song?id=5046367&amp;userid=63532882
[2017-11-23T09:34:11.890] [DEBUG] default - ç­‰å¾…æ¥å—æ–°æ¶ˆæ¯...
[2017-11-23T09:34:16.296] [DEBUG] default - æˆ‘å‘é€ç»™():å™¢å™¢å™¢å“¦å“¦
[2017-11-23T09:34:16.298] [DEBUG] default - ç­‰å¾…æ¥å—æ–°æ¶ˆæ¯...
[2017-11-23T09:34:27.493] [DEBUG] default - ()æ¯›æ¯›æ¯›æ¯›æ¯›ï¼šå¬å®Œè¿™é¦–æ­Œï¼Œç‰¹åˆ«æƒ³çœ‹è¿™ä¸ªç”µå½±
[2017-11-23T09:34:27.496] [DEBUG] default - ç­‰å¾…æ¥å—æ–°æ¶ˆæ¯...
[2017-11-23T09:36:14.621] [DEBUG] default - æ‰«æäºŒç»´ç ç™»å½•
[2017-11-23T09:36:22.323] [DEBUG] default - æ‰«ç æˆåŠŸï¼Œè¯·ç‚¹å‡»ç¡®è®¤ç™»é™†
[2017-11-23T09:36:23.469] [DEBUG] default - æ‰«ç æˆåŠŸï¼Œè¯·ç‚¹å‡»ç¡®è®¤ç™»é™†
[2017-11-23T09:36:24.583] [DEBUG] default - ç™»å½•æˆåŠŸ
[2017-11-23T09:36:24.841] [DEBUG] default - æ­£åœ¨è·å–ä¸ªäººä¿¡æ¯
[2017-11-23T09:36:25.360] [DEBUG] default - ç”¨æˆ·Mad Summerã€‚åˆå§‹åŒ–æˆåŠŸ
[2017-11-23T09:36:27.387] [DEBUG] default - å…±317ä½è”ç³»äºº,ç”·æ€§135äººï¼Œå¥³æ€§92äºº
[2017-11-23T09:36:27.526] [DEBUG] default - ç­‰å¾…æ¥å—æ–°æ¶ˆæ¯...
[2017-11-23T09:36:27.529] [INFO] default - è¯·è¾“å…¥è¦æ‰§è¡Œçš„æ“ä½œ,å¦‚éœ€å¸®åŠ©è¯·è¾“å…¥?
[2017-11-23T09:36:28.284] [DEBUG] default - ç­‰å¾…æ¥å—æ–°æ¶ˆæ¯...
[2017-11-23T09:36:53.413] [DEBUG] default - ç­‰å¾…æ¥å—æ–°æ¶ˆæ¯...
[2017-11-23T09:36:53.657] [DEBUG] default - ç­‰å¾…æ¥å—æ–°æ¶ˆæ¯...
[2017-11-23T09:37:03.063] [DEBUG] default - æˆ‘å‘é€ç»™èŠéº»()æ¯›æ¯›æ¯›æ¯›æ¯›:ä»€ä¹ˆç”µå½±é‡Œçš„æ­Œå•Šï¼Ÿ
[2017-11-23T09:37:03.064] [DEBUG] default - ç­‰å¾…æ¥å—æ–°æ¶ˆæ¯...
[2017-11-23T09:37:28.173] [DEBUG] default - ç­‰å¾…æ¥å—æ–°æ¶ˆæ¯...
[2017-11-23T09:37:34.042] [DEBUG] default - æ‰«æäºŒç»´ç ç™»å½•
[2017-11-23T09:37:38.475] [DEBUG] default - æ‰«ç æˆåŠŸï¼Œè¯·ç‚¹å‡»ç¡®è®¤ç™»é™†
[2017-11-23T09:37:39.641] [DEBUG] default - æ‰«ç æˆåŠŸï¼Œè¯·ç‚¹å‡»ç¡®è®¤ç™»é™†
[2017-11-23T09:37:40.741] [DEBUG] default - ç™»å½•æˆåŠŸ
[2017-11-23T09:37:41.182] [DEBUG] default - æ­£åœ¨è·å–ä¸ªäººä¿¡æ¯
[2017-11-23T09:37:41.693] [DEBUG] default - ç”¨æˆ·Mad Summerã€‚åˆå§‹åŒ–æˆåŠŸ
[2017-11-23T09:37:43.655] [DEBUG] default - å…±317ä½è”ç³»äºº,ç”·æ€§135äººï¼Œå¥³æ€§92äºº
[2017-11-23T09:37:43.790] [DEBUG] default - ç­‰å¾…æ¥å—æ–°æ¶ˆæ¯...
[2017-11-23T09:37:43.792] [INFO] default - è¯·è¾“å…¥è¦æ‰§è¡Œçš„æ“ä½œ,å¦‚éœ€å¸®åŠ©è¯·è¾“å…¥?
[2017-11-23T09:37:44.134] [DEBUG] default - ç­‰å¾…æ¥å—æ–°æ¶ˆæ¯...
[2017-11-23T09:37:49.628] [DEBUG] default - æˆ‘å‘é€ç»™èŠéº»(æ¯›æ¯›æ¯›æ¯›æ¯›):å¥½å¬
[2017-11-23T09:37:49.629] [DEBUG] default - ç­‰å¾…æ¥å—æ–°æ¶ˆæ¯...
[2017-11-23T09:38:00.034] [DEBUG] default - æˆ‘å‘é€ç»™èŠéº»(æ¯›æ¯›æ¯›æ¯›æ¯›):æˆ‘æœæœçœ‹
[2017-11-23T09:38:00.035] [DEBUG] default - ç­‰å¾…æ¥å—æ–°æ¶ˆæ¯...
[2017-11-23T09:38:01.629] [DEBUG] default - ç­‰å¾…æ¥å—æ–°æ¶ˆæ¯...
[2017-11-23T09:38:26.751] [DEBUG] default - ç­‰å¾…æ¥å—æ–°æ¶ˆæ¯...
[2017-11-23T09:38:33.562] [DEBUG] default - èŠéº»(æ¯›æ¯›æ¯›æ¯›æ¯›)ï¼šå—¯
[2017-11-23T09:38:33.563] [DEBUG] default - ç­‰å¾…æ¥å—æ–°æ¶ˆæ¯...
[2017-11-23T09:38:58.668] [DEBUG] default - ç­‰å¾…æ¥å—æ–°æ¶ˆæ¯...
[2017-11-23T09:39:16.936] [DEBUG] default - ç­‰å¾…æ¥å—æ–°æ¶ˆæ¯...
[2017-11-23T09:39:28.120] [DEBUG] default - æˆ‘å‘é€ç»™èŠéº»(æ¯›æ¯›æ¯›æ¯›æ¯›):Kæ­Œæƒ…äºº
[2017-11-23T09:39:28.122] [DEBUG] default - ç­‰å¾…æ¥å—æ–°æ¶ˆæ¯...
[2017-11-23T09:39:30.733] [DEBUG] default - æˆ‘å‘é€ç»™èŠéº»(æ¯›æ¯›æ¯›æ¯›æ¯›):çœ‹è¿‡æ²¡
[2017-11-23T09:39:30.734] [DEBUG] default - ç­‰å¾…æ¥å—æ–°æ¶ˆæ¯...
[2017-11-23T09:39:55.842] [DEBUG] default - ç­‰å¾…æ¥å—æ–°æ¶ˆæ¯...
[2017-11-23T09:40:20.958] [DEBUG] default - ç­‰å¾…æ¥å—æ–°æ¶ˆæ¯...
[2017-11-23T09:40:46.064] [DEBUG] default - ç­‰å¾…æ¥å—æ–°æ¶ˆæ¯...
[2017-11-23T09:41:11.173] [DEBUG] default - ç­‰å¾…æ¥å—æ–°æ¶ˆæ¯...
[2017-11-23T09:41:29.858] [DEBUG] default - èŠéº»(æ¯›æ¯›æ¯›æ¯›æ¯›)ï¼šå¯¹å¯¹å¯¹
[2017-11-23T09:41:29.859] [DEBUG] default - ç­‰å¾…æ¥å—æ–°æ¶ˆæ¯...
[2017-11-23T09:41:30.100] [DEBUG] default - ç­‰å¾…æ¥å—æ–°æ¶ˆæ¯...
[2017-11-23T09:41:32.008] [DEBUG] default - èŠéº»(æ¯›æ¯›æ¯›æ¯›æ¯›)ï¼šå°±æ˜¯è¿™ä¸ª
[2017-11-23T09:41:32.009] [DEBUG] default - ç­‰å¾…æ¥å—æ–°æ¶ˆæ¯...
[2017-11-23T09:41:32.250] [DEBUG] default - ç­‰å¾…æ¥å—æ–°æ¶ˆæ¯...
[2017-11-23T09:41:36.426] [DEBUG] default - èŠéº»(æ¯›æ¯›æ¯›æ¯›æ¯›)ï¼šæ²¡æœ‰çœ‹è¿‡
[2017-11-23T09:41:36.427] [DEBUG] default - ç­‰å¾…æ¥å—æ–°æ¶ˆæ¯...
[2017-11-23T09:41:36.675] [DEBUG] default - ç­‰å¾…æ¥å—æ–°æ¶ˆæ¯...
[2017-11-23T09:41:42.911] [DEBUG] default - èŠéº»(æ¯›æ¯›æ¯›æ¯›æ¯›)ï¼šä¸€ç›´æƒ³çœ‹  æ€»å¿˜è®°
[2017-11-23T09:41:42.913] [DEBUG] default - ç­‰å¾…æ¥å—æ–°æ¶ˆæ¯...
[2017-11-23T09:41:43.178] [DEBUG] default - ç­‰å¾…æ¥å—æ–°æ¶ˆæ¯...
[2017-11-23T09:42:08.289] [DEBUG] default - ç­‰å¾…æ¥å—æ–°æ¶ˆæ¯...
[2017-11-23T09:42:33.397] [DEBUG] default - ç­‰å¾…æ¥å—æ–°æ¶ˆæ¯...
[2017-11-23T09:42:47.177] [DEBUG] default - æ‰«æäºŒç»´ç ç™»å½•
[2017-11-23T09:42:51.086] [DEBUG] default - æ‰«ç æˆåŠŸï¼Œè¯·ç‚¹å‡»ç¡®è®¤ç™»é™†
[2017-11-23T09:42:52.192] [DEBUG] default - æ‰«ç æˆåŠŸï¼Œè¯·ç‚¹å‡»ç¡®è®¤ç™»é™†
[2017-11-23T09:42:53.295] [DEBUG] default - ç™»å½•æˆåŠŸ
[2017-11-23T09:42:53.630] [DEBUG] default - æ­£åœ¨è·å–ä¸ªäººä¿¡æ¯
[2017-11-23T09:42:54.136] [DEBUG] default - ç”¨æˆ·Mad Summerã€‚åˆå§‹åŒ–æˆåŠŸ
[2017-11-23T09:42:56.175] [DEBUG] default - å…±317ä½è”ç³»äºº,ç”·æ€§135äººï¼Œå¥³æ€§92äºº
[2017-11-23T09:42:56.336] [DEBUG] default - ç­‰å¾…æ¥å—æ–°æ¶ˆæ¯...
[2017-11-23T09:42:56.342] [INFO] default - è¯·è¾“å…¥è¦æ‰§è¡Œçš„æ“ä½œ,å¦‚éœ€å¸®åŠ©è¯·è¾“å…¥?
[2017-11-23T09:43:04.351] [WARN] default - è¾“å…¥å‘½ä»¤æœ‰è¯¯ï¼ŒæŸ¥çœ‹æ‰€æœ‰å‘½ä»¤è¯·è¾“å…¥ -? æˆ–è€… --help
[2017-11-23T09:43:32.847] [WARN] default - è¾“å…¥å‘½ä»¤æœ‰è¯¯ï¼ŒæŸ¥çœ‹æ‰€æœ‰å‘½ä»¤è¯·è¾“å…¥ -? æˆ–è€… --help
[2017-11-23T09:43:35.335] [DEBUG] default - [32m[39m
[32m  Options:[39m
[32m  --help,-?     æ˜¾ç¤ºå¸®åŠ©[39m
[32m  --init,-i     é‡æ–°ç™»é™†[39m
[32m  --contact,-t  è·å–è”ç³»äºº[39m
[32m  --get,-g      è·å–æ¶ˆæ¯[39m
[32m  --send,-s     å‘é€æ¶ˆæ¯[39m
[32m  --reciver,-r  æ¶ˆæ¯æ¥å—è€…[39m
[32m  --content,-c  æ¶ˆæ¯å†…å®¹[39m
[32m  --logout,-o   é€€å‡ºè´¦å·[39m
[32m  --exit,-e     é€€å‡ºç¨‹åº[39m
[32m  --mute,-m     å…³é—­æç¤º[39m
[32m  [39m
[2017-11-23T09:43:45.758] [WARN] default - è¾“å…¥å‘½ä»¤æœ‰è¯¯ï¼ŒæŸ¥çœ‹æ‰€æœ‰å‘½ä»¤è¯·è¾“å…¥ -? æˆ–è€… --help
[2017-11-23T09:43:45.983] [WARN] default - è¾“å…¥å‘½ä»¤æœ‰è¯¯ï¼ŒæŸ¥çœ‹æ‰€æœ‰å‘½ä»¤è¯·è¾“å…¥ -? æˆ–è€… --help
[2017-11-23T09:43:46.483] [WARN] default - è¾“å…¥å‘½ä»¤æœ‰è¯¯ï¼ŒæŸ¥çœ‹æ‰€æœ‰å‘½ä»¤è¯·è¾“å…¥ -? æˆ–è€… --help
[2017-11-23T09:43:46.515] [WARN] default - è¾“å…¥å‘½ä»¤æœ‰è¯¯ï¼ŒæŸ¥çœ‹æ‰€æœ‰å‘½ä»¤è¯·è¾“å…¥ -? æˆ–è€… --help
[2017-11-23T09:43:46.556] [WARN] default - è¾“å…¥å‘½ä»¤æœ‰è¯¯ï¼ŒæŸ¥çœ‹æ‰€æœ‰å‘½ä»¤è¯·è¾“å…¥ -? æˆ–è€… --help
[2017-11-23T09:43:46.581] [WARN] default - è¾“å…¥å‘½ä»¤æœ‰è¯¯ï¼ŒæŸ¥çœ‹æ‰€æœ‰å‘½ä»¤è¯·è¾“å…¥ -? æˆ–è€… --help
[2017-11-23T09:43:46.620] [WARN] default - è¾“å…¥å‘½ä»¤æœ‰è¯¯ï¼ŒæŸ¥çœ‹æ‰€æœ‰å‘½ä»¤è¯·è¾“å…¥ -? æˆ–è€… --help
[2017-11-23T09:43:46.650] [WARN] default - è¾“å…¥å‘½ä»¤æœ‰è¯¯ï¼ŒæŸ¥çœ‹æ‰€æœ‰å‘½ä»¤è¯·è¾“å…¥ -? æˆ–è€… --help
[2017-11-23T09:43:46.687] [WARN] default - è¾“å…¥å‘½ä»¤æœ‰è¯¯ï¼ŒæŸ¥çœ‹æ‰€æœ‰å‘½ä»¤è¯·è¾“å…¥ -? æˆ–è€… --help
[2017-11-23T09:43:46.720] [WARN] default - è¾“å…¥å‘½ä»¤æœ‰è¯¯ï¼ŒæŸ¥çœ‹æ‰€æœ‰å‘½ä»¤è¯·è¾“å…¥ -? æˆ–è€… --help
[2017-11-23T09:43:46.747] [WARN] default - è¾“å…¥å‘½ä»¤æœ‰è¯¯ï¼ŒæŸ¥çœ‹æ‰€æœ‰å‘½ä»¤è¯·è¾“å…¥ -? æˆ–è€… --help
[2017-11-23T09:43:46.782] [WARN] default - è¾“å…¥å‘½ä»¤æœ‰è¯¯ï¼ŒæŸ¥çœ‹æ‰€æœ‰å‘½ä»¤è¯·è¾“å…¥ -? æˆ–è€… --help
[2017-11-23T09:43:46.813] [WARN] default - è¾“å…¥å‘½ä»¤æœ‰è¯¯ï¼ŒæŸ¥çœ‹æ‰€æœ‰å‘½ä»¤è¯·è¾“å…¥ -? æˆ–è€… --help
[2017-11-23T09:43:46.853] [WARN] default - è¾“å…¥å‘½ä»¤æœ‰è¯¯ï¼ŒæŸ¥çœ‹æ‰€æœ‰å‘½ä»¤è¯·è¾“å…¥ -? æˆ–è€… --help
[2017-11-23T09:43:46.880] [WARN] default - è¾“å…¥å‘½ä»¤æœ‰è¯¯ï¼ŒæŸ¥çœ‹æ‰€æœ‰å‘½ä»¤è¯·è¾“å…¥ -? æˆ–è€… --help
[2017-11-23T09:43:46.912] [WARN] default - è¾“å…¥å‘½ä»¤æœ‰è¯¯ï¼ŒæŸ¥çœ‹æ‰€æœ‰å‘½ä»¤è¯·è¾“å…¥ -? æˆ–è€… --help
[2017-11-23T09:43:46.946] [WARN] default - è¾“å…¥å‘½ä»¤æœ‰è¯¯ï¼ŒæŸ¥çœ‹æ‰€æœ‰å‘½ä»¤è¯·è¾“å…¥ -? æˆ–è€… --help
[2017-11-23T09:43:46.979] [WARN] default - è¾“å…¥å‘½ä»¤æœ‰è¯¯ï¼ŒæŸ¥çœ‹æ‰€æœ‰å‘½ä»¤è¯·è¾“å…¥ -? æˆ–è€… --help
[2017-11-23T09:43:47.011] [WARN] default - è¾“å…¥å‘½ä»¤æœ‰è¯¯ï¼ŒæŸ¥çœ‹æ‰€æœ‰å‘½ä»¤è¯·è¾“å…¥ -? æˆ–è€… --help
[2017-11-23T09:43:47.044] [WARN] default - è¾“å…¥å‘½ä»¤æœ‰è¯¯ï¼ŒæŸ¥çœ‹æ‰€æœ‰å‘½ä»¤è¯·è¾“å…¥ -? æˆ–è€… --help
[2017-11-23T09:43:47.077] [WARN] default - è¾“å…¥å‘½ä»¤æœ‰è¯¯ï¼ŒæŸ¥çœ‹æ‰€æœ‰å‘½ä»¤è¯·è¾“å…¥ -? æˆ–è€… --help
[2017-11-23T09:44:08.495] [DEBUG] default - æˆ‘å‘é€ç»™èŠéº»(æ¯›æ¯›æ¯›æ¯›æ¯›):æˆ‘éƒ½æ²¡å¬è¯´è¿‡
[2017-11-23T09:44:16.324] [DEBUG] default - æˆ‘å‘é€ç»™èŠéº»(æ¯›æ¯›æ¯›æ¯›æ¯›):åˆšæœçš„æ‰çŸ¥é“
[2017-11-23T09:44:20.891] [DEBUG] default - æˆ‘å‘é€ç»™èŠéº»(æ¯›æ¯›æ¯›æ¯›æ¯›):æœ‰æ—¶é—´çœ‹çœ‹è¿™ä¸ª
[2017-11-23T09:45:53.215] [WARN] default - è¾“å…¥å‘½ä»¤æœ‰è¯¯ï¼ŒæŸ¥çœ‹æ‰€æœ‰å‘½ä»¤è¯·è¾“å…¥ -? æˆ–è€… --help
[2017-11-23T09:47:24.158] [WARN] default - è¾“å…¥å‘½ä»¤æœ‰è¯¯ï¼ŒæŸ¥çœ‹æ‰€æœ‰å‘½ä»¤è¯·è¾“å…¥ -? æˆ–è€… --help
[2017-11-23T09:47:30.223] [WARN] default - è¾“å…¥å‘½ä»¤æœ‰è¯¯ï¼ŒæŸ¥çœ‹æ‰€æœ‰å‘½ä»¤è¯·è¾“å…¥ -? æˆ–è€… --help
[2017-11-23T09:47:44.648] [DEBUG] default - [32m[39m
[32m  Options:[39m
[32m  --help,-?     æ˜¾ç¤ºå¸®åŠ©[39m
[32m  --init,-i     é‡æ–°ç™»é™†[39m
[32m  --contact,-t  è·å–è”ç³»äºº[39m
[32m  --get,-g      è·å–æ¶ˆæ¯[39m
[32m  --send,-s     å‘é€æ¶ˆæ¯[39m
[32m  --reciver,-r  æ¶ˆæ¯æ¥å—è€…[39m
[32m  --content,-c  æ¶ˆæ¯å†…å®¹[39m
[32m  --logout,-o   é€€å‡ºè´¦å·[39m
[32m  --exit,-e     é€€å‡ºç¨‹åº[39m
[32m  --mute,-m     å…³é—­æç¤º[39m
[32m  [39m
[2017-11-23T09:48:42.454] [WARN] default - è¾“å…¥å‘½ä»¤æœ‰è¯¯ï¼ŒæŸ¥çœ‹æ‰€æœ‰å‘½ä»¤è¯·è¾“å…¥ -? æˆ–è€… --help
[2017-11-23T09:51:09.273] [WARN] default - è¾“å…¥å‘½ä»¤æœ‰è¯¯ï¼ŒæŸ¥çœ‹æ‰€æœ‰å‘½ä»¤è¯·è¾“å…¥ -? æˆ–è€… --help
[2017-11-23T09:51:44.680] [DEBUG] default - æ‰«æäºŒç»´ç ç™»å½•
[2017-11-23T09:54:21.461] [WARN] default - è¾“å…¥å‘½ä»¤æœ‰è¯¯ï¼ŒæŸ¥çœ‹æ‰€æœ‰å‘½ä»¤è¯·è¾“å…¥ -? æˆ–è€… --help
[2017-11-23T09:54:27.405] [WARN] default - è¾“å…¥å‘½ä»¤æœ‰è¯¯ï¼ŒæŸ¥çœ‹æ‰€æœ‰å‘½ä»¤è¯·è¾“å…¥ -? æˆ–è€… --help
[2017-11-23T09:58:41.194] [DEBUG] default - [32m[39m
[32m  Options:[39m
[32m  help,?     æ˜¾ç¤ºå¸®åŠ©[39m
[32m  init,i     é‡æ–°ç™»é™†[39m
[32m  contact,t  è·å–è”ç³»äºº[39m
[32m  get,g      è·å–æ¶ˆæ¯[39m
[32m  send,s     å‘é€æ¶ˆæ¯[39m
[32m    --reciver,-r  æ¶ˆæ¯æ¥å—è€…[39m
[32m    --content,-c  æ¶ˆæ¯å†…å®¹[39m
[32m  logout,o   é€€å‡ºè´¦å·[39m
[32m  exit,e     é€€å‡ºç¨‹åº[39m
[32m  mute,m     å…³é—­æç¤º[39m
[32m  [39m
[2017-11-23T09:58:49.252] [WARN] default - é€€å‡ºç¨‹åº
[2017-11-23T10:00:47.362] [DEBUG] default - [32m[39m
[32m  Options: [39m
[32m  help,?            æ˜¾ç¤ºå¸®åŠ©[39m
[32m  init,i            é‡æ–°ç™»é™†[39m
[32m  contact,t         è·å–è”ç³»äºº[39m
[32m  get,g             è·å–æ¶ˆæ¯[39m
[32m  send,s            å‘é€æ¶ˆæ¯[39m
[32m    --reciver,-r    æ¶ˆæ¯æ¥å—è€…[39m
[32m    --content,-c    æ¶ˆæ¯å†…å®¹[39m
[32m  logout,o          é€€å‡ºè´¦å·[39m
[32m  exit,e            é€€å‡ºç¨‹åº[39m
[32m  mute,m            å…³é—­æç¤º[39m
[32m  [39m
[2017-11-23T10:01:04.435] [DEBUG] default - [32m[39m
[32m  Options: [39m
[32m  help,?            æ˜¾ç¤ºå¸®åŠ©[39m
[32m  init,i            é‡æ–°ç™»é™†[39m
[32m  contact,t         è·å–è”ç³»äºº[39m
[32m  get,g             è·å–æ¶ˆæ¯[39m
[32m  send,s            å‘é€æ¶ˆæ¯[39m
[32m    --reciver,-r    æ¶ˆæ¯æ¥å—è€…[39m
[32m    --content,-c    æ¶ˆæ¯å†…å®¹[39m
[32m  logout,o          é€€å‡ºè´¦å·[39m
[32m  exit,e            é€€å‡ºç¨‹åº[39m
[32m  mute,m            å…³é—­æç¤º[39m
[32m  [39m
[2017-11-23T10:01:06.883] [WARN] default - é€€å‡ºç¨‹åº
[2017-11-23T10:01:10.012] [WARN] default - è¾“å…¥å‘½ä»¤æœ‰è¯¯ï¼ŒæŸ¥çœ‹æ‰€æœ‰å‘½ä»¤è¯·è¾“å…¥ -? æˆ–è€… --help
[2017-11-23T10:01:19.283] [DEBUG] default - æ‰«æäºŒç»´ç ç™»å½•
[2017-11-23T10:01:19.299] [DEBUG] default - æ‰«æäºŒç»´ç ç™»å½•
[2017-11-23T10:01:31.877] [DEBUG] default - æ‰«ç æˆåŠŸï¼Œè¯·ç‚¹å‡»ç¡®è®¤ç™»é™†
[2017-11-23T10:01:33.029] [DEBUG] default - æ‰«ç æˆåŠŸï¼Œè¯·ç‚¹å‡»ç¡®è®¤ç™»é™†
[2017-11-23T10:01:34.179] [DEBUG] default - ç™»å½•æˆåŠŸ
[2017-11-23T10:01:34.549] [DEBUG] default - æ­£åœ¨è·å–ä¸ªäººä¿¡æ¯
[2017-11-23T10:01:35.155] [DEBUG] default - ç”¨æˆ·Mad Summerã€‚åˆå§‹åŒ–æˆåŠŸ
[2017-11-23T10:01:37.372] [DEBUG] default - å…±317ä½è”ç³»äºº,ç”·æ€§135äººï¼Œå¥³æ€§92äºº
[2017-11-23T10:01:37.531] [DEBUG] default - ç­‰å¾…æ¥å—æ–°æ¶ˆæ¯...
[2017-11-23T10:01:44.461] [FATAL] default - ç™»å½•å¤±è´¥
[2017-11-23T10:01:44.462] [FATAL] default - ç™»å½•å¤±è´¥ï¼
[2017-11-23T10:01:55.076] [DEBUG] default - ç­‰å¾…æ¥å—æ–°æ¶ˆæ¯...
[2017-11-23T10:02:05.327] [DEBUG] default - ç­‰å¾…æ¥å—æ–°æ¶ˆæ¯...
[2017-11-23T10:02:07.692] [DEBUG] default - æˆ‘å‘é€ç»™æ–‡ä»¶ä¼ è¾“åŠ©æ‰‹:ï¼Ÿï¼Ÿ
[2017-11-23T10:02:07.693] [DEBUG] default - ç­‰å¾…æ¥å—æ–°æ¶ˆæ¯...
[2017-11-23T10:02:16.486] [DEBUG] default - æˆ‘å‘é€ç»™æ–‡ä»¶ä¼ è¾“åŠ©æ‰‹:lll
[2017-11-23T10:02:28.724] [WARN] default - è¾“å…¥å‘½ä»¤æœ‰è¯¯ï¼ŒæŸ¥çœ‹æ‰€æœ‰å‘½ä»¤è¯·è¾“å…¥ -? æˆ–è€… --help
[2017-11-23T10:02:31.269] [DEBUG] default - [32m[39m
[32m  Options: [39m
[32m  help,?            æ˜¾ç¤ºå¸®åŠ©[39m
[32m  init,i            é‡æ–°ç™»é™†[39m
[32m  contact,t         è·å–è”ç³»äºº[39m
[32m  get,g             è·å–æ¶ˆæ¯[39m
[32m  send,s            å‘é€æ¶ˆæ¯[39m
[32m    --reciver,-r    æ¶ˆæ¯æ¥å—è€…[39m
[32m    --content,-c    æ¶ˆæ¯å†…å®¹[39m
[32m  logout,o          é€€å‡ºè´¦å·[39m
[32m  exit,e            é€€å‡ºç¨‹åº[39m
[32m  mute,m            å…³é—­æç¤º[39m
[32m  [39m
[2017-11-23T16:12:28.893] [WARN] default - é€€å‡ºç¨‹åº
[2017-11-23T16:25:38.487] [DEBUG] default - æ‰«æäºŒç»´ç ç™»å½•
[2017-11-23T16:25:57.413] [DEBUG] default - æ‰«ç æˆåŠŸï¼Œè¯·ç‚¹å‡»ç¡®è®¤ç™»é™†
[2017-11-23T16:25:58.562] [DEBUG] default - æ‰«ç æˆåŠŸï¼Œè¯·ç‚¹å‡»ç¡®è®¤ç™»é™†
[2017-11-23T16:25:59.667] [DEBUG] default - ç™»å½•æˆåŠŸ
[2017-11-23T16:25:59.993] [DEBUG] default - æ­£åœ¨è·å–ä¸ªäººä¿¡æ¯
[2017-11-23T16:26:00.527] [DEBUG] default - ç”¨æˆ·Mad Summerã€‚åˆå§‹åŒ–æˆåŠŸ
[2017-11-23T16:26:02.624] [DEBUG] default - å…±317ä½è”ç³»äºº,ç”·æ€§135äººï¼Œå¥³æ€§92äºº
[2017-11-23T16:26:02.761] [DEBUG] default - ç­‰å¾…æ¥å—æ–°æ¶ˆæ¯...
[2017-11-23T16:26:36.513] [WARN] default - é€€å‡ºç¨‹åº
[2017-11-23T16:33:56.474] [DEBUG] default - æ‰«æäºŒç»´ç ç™»å½•
[2017-11-23T16:34:18.776] [DEBUG] default - æ‰«ç æˆåŠŸï¼Œè¯·ç‚¹å‡»ç¡®è®¤ç™»é™†
[2017-11-23T16:34:19.953] [DEBUG] default - ç™»å½•æˆåŠŸ
[2017-11-23T16:34:20.324] [DEBUG] default - æ­£åœ¨è·å–ä¸ªäººä¿¡æ¯
[2017-11-23T16:34:20.851] [DEBUG] default - ç”¨æˆ·Mad Summerã€‚åˆå§‹åŒ–æˆåŠŸ
[2017-11-23T16:34:22.967] [DEBUG] default - å…±317ä½è”ç³»äºº,ç”·æ€§135äººï¼Œå¥³æ€§92äºº
[2017-11-23T16:34:23.133] [DEBUG] default - ç­‰å¾…æ¥å—æ–°æ¶ˆæ¯...
[2017-11-23T16:34:38.323] [DEBUG] default - ç­‰å¾…æ¥å—æ–°æ¶ˆæ¯...
[2017-11-23T16:35:02.306] [DEBUG] default - ç­‰å¾…æ¥å—æ–°æ¶ˆæ¯...
[2017-11-23T16:35:03.738] [DEBUG] default - ç­‰å¾…æ¥å—æ–°æ¶ˆæ¯...
[2017-11-23T16:35:06.275] [DEBUG] default - ç­‰å¾…æ¥å—æ–°æ¶ˆæ¯...
[2017-11-23T16:35:06.782] [DEBUG] default - ç­‰å¾…æ¥å—æ–°æ¶ˆæ¯...
[2017-11-23T16:35:15.216] [DEBUG] default - ç­‰å¾…æ¥å—æ–°æ¶ˆæ¯...
[2017-11-23T16:35:17.629] [DEBUG] default - æˆ‘å‘é€ç»™æ–‡ä»¶ä¼ è¾“åŠ©æ‰‹:å•¦å•¦å•¦
[2017-11-23T16:35:17.630] [DEBUG] default - ç­‰å¾…æ¥å—æ–°æ¶ˆæ¯...
[2017-11-23T16:35:20.419] [DEBUG] default - ç­‰å¾…æ¥å—æ–°æ¶ˆæ¯...
[2017-11-23T16:35:40.017] [DEBUG] default - æ‰«æäºŒç»´ç ç™»å½•
[2017-11-23T16:35:45.718] [DEBUG] default - æ‰«ç æˆåŠŸï¼Œè¯·ç‚¹å‡»ç¡®è®¤ç™»é™†
[2017-11-23T16:35:46.842] [DEBUG] default - æ‰«ç æˆåŠŸï¼Œè¯·ç‚¹å‡»ç¡®è®¤ç™»é™†
[2017-11-23T16:35:47.948] [DEBUG] default - ç™»å½•æˆåŠŸ
[2017-11-23T16:35:48.195] [DEBUG] default - æ­£åœ¨è·å–ä¸ªäººä¿¡æ¯
[2017-11-23T16:35:48.731] [DEBUG] default - ç”¨æˆ·Mad Summerã€‚åˆå§‹åŒ–æˆåŠŸ
[2017-11-23T16:35:50.833] [DEBUG] default - å…±317ä½è”ç³»äºº,ç”·æ€§135äººï¼Œå¥³æ€§92äºº
[2017-11-23T16:35:50.999] [DEBUG] default - ç­‰å¾…æ¥å—æ–°æ¶ˆæ¯...
[2017-11-23T16:35:54.473] [DEBUG] default - [32m[39m
[32m  Options: [39m
[32m  help,?            æ˜¾ç¤ºå¸®åŠ©[39m
[32m  init,i            é‡æ–°ç™»é™†[39m
[32m  contact,t         è·å–è”ç³»äºº[39m
[32m  get,g             è·å–æ¶ˆæ¯[39m
[32m  send,s            å‘é€æ¶ˆæ¯[39m
[32m    --reciver,-r    æ¶ˆæ¯æ¥å—è€…[39m
[32m    --content,-c    æ¶ˆæ¯å†…å®¹[39m
[32m  logout,o          é€€å‡ºè´¦å·[39m
[32m  exit,e            é€€å‡ºç¨‹åº[39m
[32m  mute,m            å…³é—­æç¤º[39m
[32m  [39m
[2017-11-23T16:36:15.719] [WARN] default - é€€å‡ºç¨‹åº
[2017-11-23T16:36:16.138] [DEBUG] default - ç­‰å¾…æ¥å—æ–°æ¶ˆæ¯...
[2017-11-23T16:37:41.368] [DEBUG] default - æ‰«æäºŒç»´ç ç™»å½•
[2017-11-23T16:37:44.131] [DEBUG] default - æ‰«ç æˆåŠŸï¼Œè¯·ç‚¹å‡»ç¡®è®¤ç™»é™†
[2017-11-23T16:37:45.269] [DEBUG] default - æ‰«ç æˆåŠŸï¼Œè¯·ç‚¹å‡»ç¡®è®¤ç™»é™†
[2017-11-23T16:37:46.377] [DEBUG] default - ç™»å½•æˆåŠŸ
[2017-11-23T16:37:46.709] [DEBUG] default - æ­£åœ¨è·å–ä¸ªäººä¿¡æ¯
[2017-11-23T16:37:47.219] [DEBUG] default - ç”¨æˆ·Mad Summerã€‚åˆå§‹åŒ–æˆåŠŸ
[2017-11-23T16:37:49.246] [DEBUG] default - å…±317ä½è”ç³»äºº,ç”·æ€§135äººï¼Œå¥³æ€§92äºº
[2017-11-23T16:37:49.382] [DEBUG] default - ç­‰å¾…æ¥å—æ–°æ¶ˆæ¯...
[2017-11-23T16:37:59.232] [DEBUG] default - [32m[39m
[32m  Options: [39m
[32m  help              æ˜¾ç¤ºå¸®åŠ©[39m
[32m  init              é‡æ–°ç™»é™†[39m
[32m  send              å‘é€æ¶ˆæ¯[39m
[32m    --reciver,-r    æ¶ˆæ¯æ¥å—è€…[39m
[32m    --content,-c    æ¶ˆæ¯å†…å®¹[39m
[32m  logout,o          é€€å‡ºè´¦å·[39m
[32m  exit,e            é€€å‡ºç¨‹åº[39m
[32m  [39m
[2017-11-23T16:38:03.046] [DEBUG] default - [32m[39m
[32m  Options: [39m
[32m  help              æ˜¾ç¤ºå¸®åŠ©[39m
[32m  init              é‡æ–°ç™»é™†[39m
[32m  send              å‘é€æ¶ˆæ¯[39m
[32m    --reciver,-r    æ¶ˆæ¯æ¥å—è€…[39m
[32m    --content,-c    æ¶ˆæ¯å†…å®¹[39m
[32m  logout,o          é€€å‡ºè´¦å·[39m
[32m  exit,e            é€€å‡ºç¨‹åº[39m
[32m  [39m
[2017-11-23T16:38:09.839] [WARN] default - é€€å‡ºç¨‹åº
[2017-11-23T16:38:10.268] [DEBUG] default - ç­‰å¾…æ¥å—æ–°æ¶ˆæ¯...
[2017-11-23T16:41:28.326] [DEBUG] default - æ‰«æäºŒç»´ç ç™»å½•
[2017-11-23T16:41:32.172] [DEBUG] default - æ‰«ç æˆåŠŸï¼Œè¯·ç‚¹å‡»ç¡®è®¤ç™»é™†
[2017-11-23T16:41:33.282] [DEBUG] default - æ‰«ç æˆåŠŸï¼Œè¯·ç‚¹å‡»ç¡®è®¤ç™»é™†
[2017-11-23T16:41:34.412] [DEBUG] default - æ‰«ç æˆåŠŸï¼Œè¯·ç‚¹å‡»ç¡®è®¤ç™»é™†
[2017-11-23T16:41:35.527] [DEBUG] default - æ‰«ç æˆåŠŸï¼Œè¯·ç‚¹å‡»ç¡®è®¤ç™»é™†
[2017-11-23T16:41:36.636] [DEBUG] default - ç™»å½•æˆåŠŸ
[2017-11-23T16:41:36.926] [DEBUG] default - æ­£åœ¨è·å–ä¸ªäººä¿¡æ¯
[2017-11-23T16:41:37.465] [DEBUG] default - ç”¨æˆ·Mad Summerã€‚åˆå§‹åŒ–æˆåŠŸ
[2017-11-23T16:41:39.547] [DEBUG] default - å…±317ä½è”ç³»äºº,ç”·æ€§135äººï¼Œå¥³æ€§92äºº
[2017-11-23T16:41:39.691] [DEBUG] default - ç­‰å¾…æ¥å—æ–°æ¶ˆæ¯...
[2017-11-23T16:41:44.912] [DEBUG] default - ç­‰å¾…æ¥å—æ–°æ¶ˆæ¯...
[2017-11-23T16:42:48.470] [DEBUG] default - æ‰«æäºŒç»´ç ç™»å½•
[2017-11-23T16:42:51.186] [DEBUG] default - æ‰«ç æˆåŠŸï¼Œè¯·ç‚¹å‡»ç¡®è®¤ç™»é™†
[2017-11-23T16:42:52.307] [DEBUG] default - æ‰«ç æˆåŠŸï¼Œè¯·ç‚¹å‡»ç¡®è®¤ç™»é™†
[2017-11-23T16:42:53.416] [DEBUG] default - ç™»å½•æˆåŠŸ
[2017-11-23T16:42:53.678] [DEBUG] default - æ­£åœ¨è·å–ä¸ªäººä¿¡æ¯
[2017-11-23T16:42:54.169] [DEBUG] default - ç”¨æˆ·Mad Summerã€‚åˆå§‹åŒ–æˆåŠŸ
[2017-11-23T16:42:56.087] [DEBUG] default - å…±317ä½è”ç³»äºº,ç”·æ€§135äººï¼Œå¥³æ€§92äºº
[2017-11-23T16:42:56.245] [DEBUG] default - ç­‰å¾…æ¥å—æ–°æ¶ˆæ¯...
[2017-11-23T16:43:45.718] [WARN] default - é€€å‡ºç¨‹åº
[2017-11-23T16:43:45.718] [DEBUG] default - æ‰«æäºŒç»´ç ç™»å½•
[2017-11-23T16:43:49.993] [DEBUG] default - init
[2017-11-23T16:43:50.198] [DEBUG] default - æ‰«æäºŒç»´ç ç™»å½•
[2017-11-23T16:43:55.036] [DEBUG] default - æ‰«ç æˆåŠŸï¼Œè¯·ç‚¹å‡»ç¡®è®¤ç™»é™†
[2017-11-23T16:43:56.153] [DEBUG] default - æ‰«ç æˆåŠŸï¼Œè¯·ç‚¹å‡»ç¡®è®¤ç™»é™†
[2017-11-23T16:43:57.287] [DEBUG] default - æ‰«ç æˆåŠŸï¼Œè¯·ç‚¹å‡»ç¡®è®¤ç™»é™†
[2017-11-23T16:43:58.400] [DEBUG] default - æ‰«ç æˆåŠŸï¼Œè¯·ç‚¹å‡»ç¡®è®¤ç™»é™†
[2017-11-23T16:43:59.519] [DEBUG] default - ç™»å½•æˆåŠŸ
[2017-11-23T16:43:59.779] [DEBUG] default - æ­£åœ¨è·å–ä¸ªäººä¿¡æ¯
[2017-11-23T16:44:00.346] [DEBUG] default - ç”¨æˆ·Mad Summerã€‚åˆå§‹åŒ–æˆåŠŸ
[2017-11-23T16:44:02.477] [DEBUG] default - å…±317ä½è”ç³»äºº,ç”·æ€§135äººï¼Œå¥³æ€§92äºº
[2017-11-23T16:44:02.610] [DEBUG] default - ç­‰å¾…æ¥å—æ–°æ¶ˆæ¯...
[2017-11-23T16:44:08.558] [DEBUG] default - logout
[2017-11-23T16:45:08.919] [WARN] default - é€€å‡ºç¨‹åº
[2017-11-23T16:45:09.066] [DEBUG] default - å·²é€€å‡ºå½“å‰è´¦å·
[2017-11-23T16:45:09.087] [WARN] default - è´¦å·å·²é€€å‡ºï¼Œä¸å†è·å–æ¶ˆæ¯
[2017-11-23T16:45:11.969] [DEBUG] default - init
[2017-11-23T16:45:12.167] [DEBUG] default - æ‰«æäºŒç»´ç ç™»å½•
[2017-11-23T16:45:15.043] [DEBUG] default - æ‰«ç æˆåŠŸï¼Œè¯·ç‚¹å‡»ç¡®è®¤ç™»é™†
[2017-11-23T16:45:16.169] [DEBUG] default - æ‰«ç æˆåŠŸï¼Œè¯·ç‚¹å‡»ç¡®è®¤ç™»é™†
[2017-11-23T16:45:17.292] [DEBUG] default - ç™»å½•æˆåŠŸ
[2017-11-23T16:45:17.556] [DEBUG] default - æ­£åœ¨è·å–ä¸ªäººä¿¡æ¯
[2017-11-23T16:45:18.079] [DEBUG] default - ç”¨æˆ·Mad Summerã€‚åˆå§‹åŒ–æˆåŠŸ
[2017-11-23T16:45:20.173] [DEBUG] default - å…±317ä½è”ç³»äºº,ç”·æ€§135äººï¼Œå¥³æ€§92äºº
[2017-11-23T16:45:20.344] [DEBUG] default - ç­‰å¾…æ¥å—æ–°æ¶ˆæ¯...
[2017-11-23T16:45:24.206] [DEBUG] default - logout
[2017-11-23T16:46:36.071] [WARN] default - é€€å‡ºç¨‹åº
[2017-11-23T16:54:59.996] [DEBUG] default - init
[2017-11-23T16:55:00.276] [DEBUG] default - æ‰«æäºŒç»´ç ç™»å½•
[2017-11-23T16:55:12.750] [DEBUG] default - æ‰«ç æˆåŠŸï¼Œè¯·ç‚¹å‡»ç¡®è®¤ç™»é™†
[2017-11-23T16:55:13.871] [DEBUG] default - ç™»å½•æˆåŠŸ
[2017-11-23T16:55:14.221] [DEBUG] default - æ­£åœ¨è·å–ä¸ªäººä¿¡æ¯
[2017-11-23T16:55:14.725] [DEBUG] default - ç”¨æˆ·Mad Summerã€‚åˆå§‹åŒ–æˆåŠŸ
[2017-11-23T16:55:16.773] [DEBUG] default - å…±317ä½è”ç³»äºº,ç”·æ€§135äººï¼Œå¥³æ€§92äºº
[2017-11-23T16:55:16.915] [DEBUG] default - ç­‰å¾…æ¥å—æ–°æ¶ˆæ¯...
[2017-11-23T16:55:20.645] [DEBUG] default - > 

[2017-11-23T16:55:21.412] [DEBUG] default - æ²¡æœ‰è·å–åˆ°å¯¹åº”çš„å‘½ä»¤
> 

[2017-11-23T16:55:30.004] [DEBUG] default - æ²¡æœ‰è·å–åˆ°å¯¹åº”çš„å‘½ä»¤
> logout

[2017-11-23T16:55:30.005] [DEBUG] default - logout
[2017-11-23T16:55:34.132] [DEBUG] default - > init

[2017-11-23T16:55:34.132] [DEBUG] default - init
[2017-11-23T16:55:38.461] [DEBUG] default - > 

[2017-11-23T16:55:39.324] [DEBUG] default - æ²¡æœ‰è·å–åˆ°å¯¹åº”çš„å‘½ä»¤
> 

[2017-11-23T16:55:40.963] [DEBUG] default - æ²¡æœ‰è·å–åˆ°å¯¹åº”çš„å‘½ä»¤
> init

[2017-11-23T16:55:40.964] [DEBUG] default - init
[2017-11-23T16:55:55.140] [DEBUG] default - > logout

[2017-11-23T16:55:55.140] [DEBUG] default - logout
[2017-11-23T16:56:13.884] [DEBUG] default - > exit

[2017-11-23T16:56:13.884] [WARN] default - é€€å‡ºç¨‹åº
[2017-11-23T16:56:13.885] [DEBUG] default - æ‰«æäºŒç»´ç ç™»å½•
[2017-11-23T16:56:13.890] [DEBUG] default - æ‰«æäºŒç»´ç ç™»å½•
[2017-11-23T16:56:19.573] [DEBUG] default - > logout

[2017-11-23T16:58:10.033] [DEBUG] default - è®¾ç½®Terminalæ˜¾ç¤ºä¸­æ–‡
[2017-11-23T16:58:15.523] [DEBUG] default - > logout

[2017-11-23T16:58:15.524] [DEBUG] default - 12logout
[2017-11-23T16:58:18.795] [DEBUG] default - > 

[2017-11-23T16:58:20.267] [DEBUG] default - æ²¡æœ‰è·å–åˆ°å¯¹åº”çš„å‘½ä»¤
> exit

[2017-11-23T16:58:20.268] [WARN] default - é€€å‡ºç¨‹åº
[2017-11-23T16:58:29.490] [DEBUG] default - å·²é€€å‡ºå½“å‰è´¦å·
[2017-11-23T16:58:35.334] [DEBUG] default - è®¾ç½®Terminalæ˜¾ç¤ºä¸­æ–‡
[2017-11-23T16:59:27.042] [DEBUG] default - è®¾ç½®Terminalæ˜¾ç¤ºä¸­æ–‡
[2017-11-23T17:01:16.460] [DEBUG] default - è®¾ç½®Terminalæ˜¾ç¤ºä¸­æ–‡
[2017-11-23T17:01:19.075] [DEBUG] default - > logout

[2017-11-23T17:01:19.076] [DEBUG] default - logout
[2017-11-23T17:01:19.262] [DEBUG] default - å·²é€€å‡ºå½“å‰è´¦å·
[2017-11-23T17:01:59.999] [DEBUG] default - è®¾ç½®Terminalæ˜¾ç¤ºä¸­æ–‡
[2017-11-23T17:06:50.536] [DEBUG] default - è®¾ç½®Terminalæ˜¾ç¤ºä¸­æ–‡
[2017-11-23T17:06:53.266] [DEBUG] default - > logout

[2017-11-23T17:06:53.267] [DEBUG] default - logout
[2017-11-23T17:06:56.378] [DEBUG] default - > 

[2017-11-23T17:06:57.074] [DEBUG] default - æ²¡æœ‰è·å–åˆ°å¯¹åº”çš„å‘½ä»¤
> 

[2017-11-23T17:07:12.378] [DEBUG] default - æ²¡æœ‰è·å–åˆ°å¯¹åº”çš„å‘½ä»¤
> exit

[2017-11-23T17:07:12.378] [WARN] default - é€€å‡ºç¨‹åº
[2017-11-23T17:07:12.599] [DEBUG] default - å·²é€€å‡ºå½“å‰è´¦å·
[2017-11-23T17:07:22.537] [DEBUG] default - è®¾ç½®Terminalæ˜¾ç¤ºä¸­æ–‡
[2017-11-23T17:09:39.624] [DEBUG] default - è®¾ç½®Terminalæ˜¾ç¤ºä¸­æ–‡
[2017-11-23T17:10:02.661] [DEBUG] default - è®¾ç½®Terminalæ˜¾ç¤ºä¸­æ–‡
[2017-11-23T17:10:04.288] [DEBUG] default - > 

[2017-11-23T17:10:06.032] [DEBUG] default - æ²¡æœ‰è·å–åˆ°å¯¹åº”çš„å‘½ä»¤
> logout

[2017-11-23T17:10:06.033] [DEBUG] default - --logout
[2017-11-23T17:10:07.889] [DEBUG] default - > 

[2017-11-23T17:10:10.401] [DEBUG] default - æ²¡æœ‰è·å–åˆ°å¯¹åº”çš„å‘½ä»¤
> exit

[2017-11-23T17:10:10.401] [WARN] default - é€€å‡ºç¨‹åº
[2017-11-23T17:10:10.402] [DEBUG] default - å·²é€€å‡ºå½“å‰è´¦å·
[2017-11-23T17:11:01.004] [DEBUG] default - è®¾ç½®Terminalæ˜¾ç¤ºä¸­æ–‡
[2017-11-23T17:11:03.025] [DEBUG] default - > logout

[2017-11-23T17:11:03.026] [DEBUG] default - --logout
[2017-11-23T17:11:04.593] [DEBUG] default - > 

[2017-11-23T17:11:04.864] [DEBUG] default - æ²¡æœ‰è·å–åˆ°å¯¹åº”çš„å‘½ä»¤
> 

[2017-11-23T17:11:06.816] [DEBUG] default - æ²¡æœ‰è·å–åˆ°å¯¹åº”çš„å‘½ä»¤
> exit

[2017-11-23T17:11:06.817] [WARN] default - é€€å‡ºç¨‹åº
[2017-11-23T17:11:06.818] [DEBUG] default - å·²é€€å‡ºå½“å‰è´¦å·
[2017-11-23T17:13:34.693] [WARN] default - è¾“å…¥å‘½ä»¤æœ‰è¯¯ï¼ŒæŸ¥çœ‹æ‰€æœ‰å‘½ä»¤è¯·è¾“å…¥ -? æˆ–è€… --help
[2017-11-23T17:14:50.995] [INFO] default - è¯·è¾“å…¥è¦æ‰§è¡Œçš„æ“ä½œ,å¦‚éœ€å¸®åŠ©è¯·è¾“å…¥?
[2017-11-23T17:14:51.046] [WARN] default - è¾“å…¥å‘½ä»¤æœ‰è¯¯ï¼ŒæŸ¥çœ‹æ‰€æœ‰å‘½ä»¤è¯·è¾“å…¥ -? æˆ–è€… --help
[2017-11-23T17:15:06.144] [INFO] default - è¯·è¾“å…¥è¦æ‰§è¡Œçš„æ“ä½œ,å¦‚éœ€å¸®åŠ©è¯·è¾“å…¥?
[2017-11-23T17:15:06.145] [WARN] default - è¾“å…¥å‘½ä»¤æœ‰è¯¯ï¼ŒæŸ¥çœ‹æ‰€æœ‰å‘½ä»¤è¯·è¾“å…¥ -? æˆ–è€… --help
[2017-11-23T17:15:06.359] [INFO] default - è¯·è¾“å…¥è¦æ‰§è¡Œçš„æ“ä½œ,å¦‚éœ€å¸®åŠ©è¯·è¾“å…¥?
[2017-11-23T17:15:06.361] [WARN] default - è¾“å…¥å‘½ä»¤æœ‰è¯¯ï¼ŒæŸ¥çœ‹æ‰€æœ‰å‘½ä»¤è¯·è¾“å…¥ -? æˆ–è€… --help
[2017-11-23T17:15:06.361] [INFO] default - è¯·è¾“å…¥è¦æ‰§è¡Œçš„æ“ä½œ,å¦‚éœ€å¸®åŠ©è¯·è¾“å…¥?
[2017-11-23T17:15:06.362] [WARN] default - è¾“å…¥å‘½ä»¤æœ‰è¯¯ï¼ŒæŸ¥çœ‹æ‰€æœ‰å‘½ä»¤è¯·è¾“å…¥ -? æˆ–è€… --help
[2017-11-23T17:15:06.552] [INFO] default - è¯·è¾“å…¥è¦æ‰§è¡Œçš„æ“ä½œ,å¦‚éœ€å¸®åŠ©è¯·è¾“å…¥?
[2017-11-23T17:15:06.553] [WARN] default - è¾“å…¥å‘½ä»¤æœ‰è¯¯ï¼ŒæŸ¥çœ‹æ‰€æœ‰å‘½ä»¤è¯·è¾“å…¥ -? æˆ–è€… --help
[2017-11-23T17:15:06.553] [INFO] default - è¯·è¾“å…¥è¦æ‰§è¡Œçš„æ“ä½œ,å¦‚éœ€å¸®åŠ©è¯·è¾“å…¥?
[2017-11-23T17:15:06.554] [WARN] default - è¾“å…¥å‘½ä»¤æœ‰è¯¯ï¼ŒæŸ¥çœ‹æ‰€æœ‰å‘½ä»¤è¯·è¾“å…¥ -? æˆ–è€… --help
[2017-11-23T17:15:06.554] [INFO] default - è¯·è¾“å…¥è¦æ‰§è¡Œçš„æ“ä½œ,å¦‚éœ€å¸®åŠ©è¯·è¾“å…¥?
[2017-11-23T17:15:06.555] [WARN] default - è¾“å…¥å‘½ä»¤æœ‰è¯¯ï¼ŒæŸ¥çœ‹æ‰€æœ‰å‘½ä»¤è¯·è¾“å…¥ -? æˆ–è€… --help
[2017-11-23T17:15:06.555] [INFO] default - è¯·è¾“å…¥è¦æ‰§è¡Œçš„æ“ä½œ,å¦‚éœ€å¸®åŠ©è¯·è¾“å…¥?
[2017-11-23T17:15:06.556] [WARN] default - è¾“å…¥å‘½ä»¤æœ‰è¯¯ï¼ŒæŸ¥çœ‹æ‰€æœ‰å‘½ä»¤è¯·è¾“å…¥ -? æˆ–è€… --help
[2017-11-23T17:15:10.766] [INFO] default - è¯·è¾“å…¥è¦æ‰§è¡Œçš„æ“ä½œ,å¦‚éœ€å¸®åŠ©è¯·è¾“å…¥?
[2017-11-23T17:15:11.129] [WARN] default - è¾“å…¥å‘½ä»¤æœ‰è¯¯ï¼ŒæŸ¥çœ‹æ‰€æœ‰å‘½ä»¤è¯·è¾“å…¥ -? æˆ–è€… --help
[2017-11-23T17:15:13.220] [WARN] default - è¾“å…¥å‘½ä»¤æœ‰è¯¯ï¼ŒæŸ¥çœ‹æ‰€æœ‰å‘½ä»¤è¯·è¾“å…¥ -? æˆ–è€… --help
[2017-11-23T17:15:17.202] [DEBUG] default - [32m[39m
[32m  Options:[39m
[32m  --help,-?     æ˜¾ç¤ºå¸®åŠ©[39m
[32m  --init,-i     é‡æ–°ç™»é™†[39m
[32m  --contact,-t  è·å–è”ç³»äºº[39m
[32m  --get,-g      è·å–æ¶ˆæ¯[39m
[32m  --send,-s     å‘é€æ¶ˆæ¯[39m
[32m  --reciver,-r  æ¶ˆæ¯æ¥å—è€…[39m
[32m  --content,-c  æ¶ˆæ¯å†…å®¹[39m
[32m  --logout,-o   é€€å‡ºè´¦å·[39m
[32m  --exit,-e     é€€å‡ºç¨‹åº[39m
[32m  [39m
[2017-11-23T17:15:19.448] [WARN] default - è¾“å…¥å‘½ä»¤æœ‰è¯¯ï¼ŒæŸ¥çœ‹æ‰€æœ‰å‘½ä»¤è¯·è¾“å…¥ -? æˆ–è€… --help
[2017-11-23T17:15:19.992] [WARN] default - è¾“å…¥å‘½ä»¤æœ‰è¯¯ï¼ŒæŸ¥çœ‹æ‰€æœ‰å‘½ä»¤è¯·è¾“å…¥ -? æˆ–è€… --help
[2017-11-23T17:16:34.894] [INFO] default - è¯·è¾“å…¥è¦æ‰§è¡Œçš„æ“ä½œ,å¦‚éœ€å¸®åŠ©è¯·è¾“å…¥?
[2017-11-23T17:16:37.926] [DEBUG] default - [32m[39m
[32m  Options:[39m
[32m  --help,-?     æ˜¾ç¤ºå¸®åŠ©[39m
[32m  --init,-i     é‡æ–°ç™»é™†[39m
[32m  --contact,-t  è·å–è”ç³»äºº[39m
[32m  --get,-g      è·å–æ¶ˆæ¯[39m
[32m  --send,-s     å‘é€æ¶ˆæ¯[39m
[32m  --reciver,-r  æ¶ˆæ¯æ¥å—è€…[39m
[32m  --content,-c  æ¶ˆæ¯å†…å®¹[39m
[32m  --logout,-o   é€€å‡ºè´¦å·[39m
[32m  --exit,-e     é€€å‡ºç¨‹åº[39m
[32m  [39m
[2017-11-23T17:16:40.064] [WARN] default - è¾“å…¥å‘½ä»¤æœ‰è¯¯ï¼ŒæŸ¥çœ‹æ‰€æœ‰å‘½ä»¤è¯·è¾“å…¥ -? æˆ–è€… --help
[2017-11-23T17:16:44.256] [DEBUG] default - --logout
[2017-11-23T17:16:44.257] [DEBUG] default - å·²é€€å‡ºå½“å‰è´¦å·
[2017-11-23T17:16:52.956] [WARN] default - é€€å‡ºç¨‹åº
[2017-11-23T17:26:27.208] [INFO] default - è¯·è¾“å…¥è¦æ‰§è¡Œçš„æ“ä½œ,å¦‚éœ€å¸®åŠ©è¯·è¾“å…¥?
[2017-11-23T17:26:29.796] [DEBUG] default - --logout
[2017-11-23T17:26:29.798] [DEBUG] default - å·²é€€å‡ºå½“å‰è´¦å·
[2017-11-23T17:26:33.959] [DEBUG] default - init
[2017-11-23T17:26:33.959] [DEBUG] default - æ‰«æäºŒç»´ç ç™»å½•
[2017-11-23T17:26:39.214] [DEBUG] default - æ‰«ç æˆåŠŸï¼Œè¯·ç‚¹å‡»ç¡®è®¤ç™»é™†
[2017-11-23T17:26:40.328] [DEBUG] default - æ‰«ç æˆåŠŸï¼Œè¯·ç‚¹å‡»ç¡®è®¤ç™»é™†
[2017-11-23T17:26:41.431] [DEBUG] default - ç™»å½•æˆåŠŸ
[2017-11-23T17:26:41.753] [DEBUG] default - æ­£åœ¨è·å–ä¸ªäººä¿¡æ¯
[2017-11-23T17:26:42.228] [DEBUG] default - ç”¨æˆ·Mad Summerã€‚åˆå§‹åŒ–æˆåŠŸ
[2017-11-23T17:26:44.258] [DEBUG] default - å…±317ä½è”ç³»äºº,ç”·æ€§135äººï¼Œå¥³æ€§92äºº
[2017-11-23T17:26:44.388] [DEBUG] default - ç­‰å¾…æ¥å—æ–°æ¶ˆæ¯...
[2017-11-23T17:33:37.184] [INFO] default - è¯·è¾“å…¥è¦æ‰§è¡Œçš„æ“ä½œ,å¦‚éœ€å¸®åŠ©è¯·è¾“å…¥ ?
[2017-11-23T17:33:37.189] [DEBUG] default - init
[2017-11-23T17:33:37.408] [DEBUG] default - æ‰«æäºŒç»´ç ç™»å½•
[2017-11-23T17:33:41.718] [DEBUG] default - æ‰«ç æˆåŠŸï¼Œè¯·ç‚¹å‡»ç¡®è®¤ç™»é™†
[2017-11-23T17:33:42.833] [DEBUG] default - æ‰«ç æˆåŠŸï¼Œè¯·ç‚¹å‡»ç¡®è®¤ç™»é™†
[2017-11-23T17:33:43.936] [DEBUG] default - ç™»å½•æˆåŠŸ
[2017-11-23T17:33:44.255] [DEBUG] default - æ­£åœ¨è·å–ä¸ªäººä¿¡æ¯
[2017-11-23T17:33:44.718] [DEBUG] default - ç”¨æˆ·Mad Summerã€‚åˆå§‹åŒ–æˆåŠŸ
[2017-11-23T17:33:46.716] [DEBUG] default - å…±317ä½è”ç³»äºº,ç”·æ€§135äººï¼Œå¥³æ€§92äºº
[2017-11-23T17:33:46.845] [DEBUG] default - ç­‰å¾…æ¥å—æ–°æ¶ˆæ¯...
[2017-11-23T17:34:00.500] [DEBUG] default - å…±317ä½è”ç³»äºº,ç”·æ€§135äººï¼Œå¥³æ€§92äºº
[2017-11-23T17:34:06.006] [DEBUG] default - --logout
[2017-11-23T17:34:06.124] [DEBUG] default - å·²é€€å‡ºå½“å‰è´¦å·
[2017-11-23T17:34:06.125] [WARN] default - è´¦å·å·²é€€å‡ºï¼Œä¸å†è·å–æ¶ˆæ¯
[2017-11-23T17:34:09.605] [DEBUG] default - init
[2017-11-23T17:34:09.605] [DEBUG] default - æ‰«æäºŒç»´ç ç™»å½•
[2017-11-23T17:34:09.713] [DEBUG] default - ç™»å½•æˆåŠŸ
[2017-11-23T17:34:09.934] [DEBUG] default - æ­£åœ¨è·å–ä¸ªäººä¿¡æ¯
[2017-11-23T17:34:10.419] [DEBUG] default - ç”¨æˆ·Mad Summerã€‚åˆå§‹åŒ–æˆåŠŸ
[2017-11-23T17:34:12.355] [DEBUG] default - å…±317ä½è”ç³»äºº,ç”·æ€§135äººï¼Œå¥³æ€§92äºº
[2017-11-23T17:34:12.483] [DEBUG] default - ç­‰å¾…æ¥å—æ–°æ¶ˆæ¯...
[2017-11-23T17:34:20.765] [DEBUG] default - ç­‰å¾…æ¥å—æ–°æ¶ˆæ¯...
[2017-11-23T17:39:01.090] [INFO] default - è¯·è¾“å…¥è¦æ‰§è¡Œçš„æ“ä½œ,å¦‚éœ€å¸®åŠ©è¯·è¾“å…¥ ?
[2017-11-23T17:39:12.892] [DEBUG] default - init
[2017-11-23T17:39:12.893] [DEBUG] default - æ‰«æäºŒç»´ç ç™»å½•
[2017-11-23T17:39:17.135] [DEBUG] default - æ‰«ç æˆåŠŸï¼Œè¯·ç‚¹å‡»ç¡®è®¤ç™»é™†
[2017-11-23T17:39:18.306] [DEBUG] default - æ‰«ç æˆåŠŸï¼Œè¯·ç‚¹å‡»ç¡®è®¤ç™»é™†
[2017-11-23T17:39:19.409] [DEBUG] default - ç™»å½•æˆåŠŸ
[2017-11-23T17:39:19.727] [DEBUG] default - æ­£åœ¨è·å–ä¸ªäººä¿¡æ¯
[2017-11-23T17:39:20.228] [DEBUG] default - ç”¨æˆ·Mad Summerã€‚åˆå§‹åŒ–æˆåŠŸ
[2017-11-23T17:39:22.165] [DEBUG] default - å…±317ä½è”ç³»äºº,ç”·æ€§135äººï¼Œå¥³æ€§92äºº
[2017-11-23T17:39:22.313] [DEBUG] default - ç­‰å¾…æ¥å—æ–°æ¶ˆæ¯...
[2017-11-23T17:39:25.647] [DEBUG] default - æˆ‘å‘é€ç»™å¤ªé˜³:å—¯
[2017-11-23T17:39:25.657] [DEBUG] default - ç­‰å¾…æ¥å—æ–°æ¶ˆæ¯...
[2017-11-23T17:39:32.634] [DEBUG] default - æˆ‘å‘é€ç»™å¤ªé˜³:è¯´
[2017-11-23T17:39:32.635] [DEBUG] default - ç­‰å¾…æ¥å—æ–°æ¶ˆæ¯...
[2017-11-23T17:39:45.063] [DEBUG] default - æˆ‘å‘é€ç»™å¤ªé˜³:ä»€ä¹ˆé—®é¢˜
[2017-11-23T17:39:45.064] [DEBUG] default - ç­‰å¾…æ¥å—æ–°æ¶ˆæ¯...
[2017-11-23T17:40:10.170] [DEBUG] default - ç­‰å¾…æ¥å—æ–°æ¶ˆæ¯...
[2017-11-23T17:40:35.286] [DEBUG] default - ç­‰å¾…æ¥å—æ–°æ¶ˆæ¯...
